2025-07-08 09:39:55,429 - INFO - 启动程序，参数如下：
2025-07-08 09:39:55,429 - INFO -  train_data_file: ./prepare_data/raw_data/train.csv
2025-07-08 09:39:55,429 - INFO -  test_data_file: ./prepare_data/raw_data/val_test.csv
2025-07-08 09:39:55,430 - INFO -  batch_size: 64
2025-07-08 09:39:55,430 - INFO -  num_epochs: 150
2025-07-08 09:39:55,430 - INFO -  lr: 0.0001
2025-07-08 09:39:55,430 - INFO -  num_workers: 8
2025-07-08 09:39:55,430 - INFO -  save_dir: exp/resnet34+oversampling+use_mixup+seed_42
2025-07-08 09:39:55,430 - INFO -  resume: None
2025-07-08 09:39:55,430 - INFO -  mode: train
2025-07-08 09:39:55,430 - INFO -  seed: 42
2025-07-08 09:39:55,430 - INFO -  model: resnet34
2025-07-08 09:39:55,430 - INFO -  loss: ce
2025-07-08 09:39:55,430 - INFO -  scheduler: CosineAnnealingWarmRestarts
2025-07-08 09:39:55,430 - INFO -  T_0: 10
2025-07-08 09:39:55,430 - INFO -  T_mult: 2
2025-07-08 09:39:55,430 - INFO -  focal_gamma: 2.0
2025-07-08 09:39:55,430 - INFO -  num_classes: 6
2025-07-08 09:39:55,430 - INFO -  save_every_epochs: 50
2025-07-08 09:39:55,430 - INFO -  use_mixup: True
2025-07-08 09:39:55,430 - INFO -  oversampling: True
2025-07-08 09:39:55,430 - INFO -  freeze_backbone: False
2025-07-08 09:39:55,430 - INFO -  remove_illegal_faces: False
2025-07-08 09:39:55,431 - INFO - 随机种子已设置为: 42
2025-07-08 09:39:55,446 - INFO - 使用设备: cuda
2025-07-08 09:39:55,897 - INFO - 数据加载器已创建，类别顺序为{'Live Face': 5, 'Cutouts': 4, 'Replay': 4, 'Print': 4, 'Face-Swap': 3, 'Video-Driven': 2, 'Attibute-Edit': 2, 'Pixcel-Level': 1, 'Semantic-Leve': 0}, 共有22367个样本
2025-07-08 09:39:55,913 - INFO - 
第 1/150 轮训练
2025-07-08 09:40:20,296 - INFO - 训练损失: 0.9601, 训练准确率: 45.70%
2025-07-08 09:40:20,297 - INFO - 当前学习率: 0.000100
2025-07-08 09:40:20,297 - INFO - 
第 2/150 轮训练
2025-07-08 09:40:45,601 - INFO - 训练损失: 0.7820, 训练准确率: 52.03%
2025-07-08 09:40:45,601 - INFO - 当前学习率: 0.000098
2025-07-08 09:40:45,601 - INFO - 
第 3/150 轮训练
2025-07-08 09:41:10,744 - INFO - 训练损失: 0.7151, 训练准确率: 53.11%
2025-07-08 09:41:10,745 - INFO - 当前学习率: 0.000090
2025-07-08 09:41:10,745 - INFO - 
第 4/150 轮训练
2025-07-08 09:41:35,775 - INFO - 训练损失: 0.6557, 训练准确率: 56.32%
2025-07-08 09:41:35,776 - INFO - 当前学习率: 0.000079
2025-07-08 09:41:35,776 - INFO - 
第 5/150 轮训练
2025-07-08 09:42:02,099 - INFO - 训练损失: 0.6551, 训练准确率: 56.95%
2025-07-08 09:42:02,100 - INFO - 当前学习率: 0.000065
2025-07-08 09:42:02,100 - INFO - 
第 6/150 轮训练
2025-07-08 09:42:28,176 - INFO - 训练损失: 0.6358, 训练准确率: 55.17%
2025-07-08 09:42:28,177 - INFO - 当前学习率: 0.000050
2025-07-08 09:42:28,177 - INFO - 
第 7/150 轮训练
2025-07-08 09:42:53,657 - INFO - 训练损失: 0.6088, 训练准确率: 56.55%
2025-07-08 09:42:53,657 - INFO - 当前学习率: 0.000035
2025-07-08 09:42:53,657 - INFO - 
第 8/150 轮训练
2025-07-08 09:43:19,199 - INFO - 训练损失: 0.5692, 训练准确率: 55.61%
2025-07-08 09:43:19,200 - INFO - 当前学习率: 0.000021
2025-07-08 09:43:19,200 - INFO - 
第 9/150 轮训练
2025-07-08 09:43:45,943 - INFO - 训练损失: 0.5850, 训练准确率: 58.89%
2025-07-08 09:43:45,943 - INFO - 当前学习率: 0.000010
2025-07-08 09:43:45,943 - INFO - 
第 10/150 轮训练
2025-07-08 09:44:14,694 - INFO - 训练损失: 0.5856, 训练准确率: 57.59%
2025-07-08 09:44:14,695 - INFO - 当前学习率: 0.000002
2025-07-08 09:44:15,034 - INFO - 保存第 10 轮模型，训练准确率: 57.59%
2025-07-08 09:45:00,479 - INFO - 
第 11/150 轮训练
2025-07-08 09:45:36,369 - INFO - 训练损失: 0.6665, 训练准确率: 53.82%
2025-07-08 09:45:36,370 - INFO - 当前学习率: 0.000100
2025-07-08 09:45:36,370 - INFO - 
第 12/150 轮训练
2025-07-08 09:46:11,761 - INFO - 训练损失: 0.6784, 训练准确率: 53.95%
2025-07-08 09:46:11,785 - INFO - 当前学习率: 0.000099
2025-07-08 09:46:11,785 - INFO - 
第 13/150 轮训练
2025-07-08 09:46:47,780 - INFO - 训练损失: 0.6661, 训练准确率: 58.64%
2025-07-08 09:46:47,781 - INFO - 当前学习率: 0.000098
2025-07-08 09:46:47,781 - INFO - 
第 14/150 轮训练
2025-07-08 09:47:23,804 - INFO - 训练损失: 0.6012, 训练准确率: 57.16%
2025-07-08 09:47:23,804 - INFO - 当前学习率: 0.000095
2025-07-08 09:47:23,804 - INFO - 
第 15/150 轮训练
2025-07-08 09:47:58,973 - INFO - 训练损失: 0.6177, 训练准确率: 56.22%
2025-07-08 09:47:58,973 - INFO - 当前学习率: 0.000090
2025-07-08 09:47:58,973 - INFO - 
第 16/150 轮训练
2025-07-08 09:48:35,606 - INFO - 训练损失: 0.6189, 训练准确率: 57.35%
2025-07-08 09:48:35,606 - INFO - 当前学习率: 0.000085
2025-07-08 09:48:35,606 - INFO - 
第 17/150 轮训练
2025-07-08 09:49:11,456 - INFO - 训练损失: 0.6005, 训练准确率: 56.11%
2025-07-08 09:49:11,456 - INFO - 当前学习率: 0.000079
2025-07-08 09:49:11,456 - INFO - 
第 18/150 轮训练
2025-07-08 09:49:47,540 - INFO - 训练损失: 0.6015, 训练准确率: 57.35%
2025-07-08 09:49:47,540 - INFO - 当前学习率: 0.000073
2025-07-08 09:49:47,540 - INFO - 
第 19/150 轮训练
2025-07-08 09:50:23,297 - INFO - 训练损失: 0.5760, 训练准确率: 55.49%
2025-07-08 09:50:23,297 - INFO - 当前学习率: 0.000065
2025-07-08 09:50:23,298 - INFO - 
第 20/150 轮训练
2025-07-08 09:50:59,356 - INFO - 训练损失: 0.5614, 训练准确率: 56.80%
2025-07-08 09:50:59,356 - INFO - 当前学习率: 0.000058
2025-07-08 09:50:59,356 - INFO - 
第 21/150 轮训练
2025-07-08 09:51:35,113 - INFO - 训练损失: 0.6047, 训练准确率: 57.45%
2025-07-08 09:51:35,113 - INFO - 当前学习率: 0.000050
2025-07-08 09:51:35,113 - INFO - 
第 22/150 轮训练
2025-07-08 09:52:10,824 - INFO - 训练损失: 0.5772, 训练准确率: 55.18%
2025-07-08 09:52:10,824 - INFO - 当前学习率: 0.000042
2025-07-08 09:52:10,824 - INFO - 
第 23/150 轮训练
2025-07-08 09:52:46,301 - INFO - 训练损失: 0.5600, 训练准确率: 52.32%
2025-07-08 09:52:46,301 - INFO - 当前学习率: 0.000035
2025-07-08 09:52:46,301 - INFO - 
第 24/150 轮训练
2025-07-08 09:53:21,805 - INFO - 训练损失: 0.5610, 训练准确率: 59.89%
2025-07-08 09:53:21,806 - INFO - 当前学习率: 0.000027
2025-07-08 09:53:21,806 - INFO - 
第 25/150 轮训练
2025-07-08 09:53:57,963 - INFO - 训练损失: 0.5521, 训练准确率: 59.04%
2025-07-08 09:53:57,963 - INFO - 当前学习率: 0.000021
2025-07-08 09:53:57,963 - INFO - 
第 26/150 轮训练
2025-07-08 09:54:28,564 - INFO - 训练损失: 0.5379, 训练准确率: 61.46%
2025-07-08 09:54:28,565 - INFO - 当前学习率: 0.000015
2025-07-08 09:54:28,565 - INFO - 
第 27/150 轮训练
2025-07-08 09:54:59,219 - INFO - 训练损失: 0.5154, 训练准确率: 60.84%
2025-07-08 09:54:59,219 - INFO - 当前学习率: 0.000010
2025-07-08 09:54:59,219 - INFO - 
第 28/150 轮训练
2025-07-08 09:55:32,255 - INFO - 训练损失: 0.5561, 训练准确率: 57.22%
2025-07-08 09:55:32,255 - INFO - 当前学习率: 0.000005
2025-07-08 09:55:32,255 - INFO - 
第 29/150 轮训练
2025-07-08 09:56:08,154 - INFO - 训练损失: 0.5405, 训练准确率: 57.00%
2025-07-08 09:56:08,155 - INFO - 当前学习率: 0.000002
2025-07-08 09:56:08,155 - INFO - 
第 30/150 轮训练
2025-07-08 09:56:43,571 - INFO - 训练损失: 0.5178, 训练准确率: 59.63%
2025-07-08 09:56:43,571 - INFO - 当前学习率: 0.000001
2025-07-08 09:56:44,143 - INFO - 保存第 30 轮模型，训练准确率: 59.63%
2025-07-08 09:57:27,544 - INFO - 
第 31/150 轮训练
2025-07-08 09:58:03,391 - INFO - 训练损失: 0.6312, 训练准确率: 53.51%
2025-07-08 09:58:03,391 - INFO - 当前学习率: 0.000100
2025-07-08 09:58:03,391 - INFO - 
第 32/150 轮训练
2025-07-08 09:58:38,748 - INFO - 训练损失: 0.6039, 训练准确率: 56.65%
2025-07-08 09:58:38,748 - INFO - 当前学习率: 0.000100
2025-07-08 09:58:38,748 - INFO - 
第 33/150 轮训练
2025-07-08 09:59:15,132 - INFO - 训练损失: 0.5819, 训练准确率: 56.92%
2025-07-08 09:59:15,133 - INFO - 当前学习率: 0.000099
2025-07-08 09:59:15,133 - INFO - 
第 34/150 轮训练
2025-07-08 09:59:50,913 - INFO - 训练损失: 0.5736, 训练准确率: 54.50%
2025-07-08 09:59:50,914 - INFO - 当前学习率: 0.000099
2025-07-08 09:59:50,914 - INFO - 
第 35/150 轮训练
2025-07-08 10:00:26,197 - INFO - 训练损失: 0.5967, 训练准确率: 59.38%
2025-07-08 10:00:26,197 - INFO - 当前学习率: 0.000098
2025-07-08 10:00:26,198 - INFO - 
第 36/150 轮训练
2025-07-08 10:01:02,048 - INFO - 训练损失: 0.6035, 训练准确率: 52.63%
2025-07-08 10:01:02,049 - INFO - 当前学习率: 0.000096
2025-07-08 10:01:02,049 - INFO - 
第 37/150 轮训练
2025-07-08 10:01:37,379 - INFO - 训练损失: 0.5755, 训练准确率: 59.51%
2025-07-08 10:01:37,380 - INFO - 当前学习率: 0.000095
2025-07-08 10:01:37,380 - INFO - 
第 38/150 轮训练
2025-07-08 10:02:13,611 - INFO - 训练损失: 0.5509, 训练准确率: 57.33%
2025-07-08 10:02:13,611 - INFO - 当前学习率: 0.000093
2025-07-08 10:02:13,611 - INFO - 
第 39/150 轮训练
2025-07-08 10:02:48,924 - INFO - 训练损失: 0.5386, 训练准确率: 55.31%
2025-07-08 10:02:48,924 - INFO - 当前学习率: 0.000090
2025-07-08 10:02:48,924 - INFO - 
第 40/150 轮训练
2025-07-08 10:03:24,962 - INFO - 训练损失: 0.5857, 训练准确率: 57.96%
2025-07-08 10:03:24,962 - INFO - 当前学习率: 0.000088
2025-07-08 10:03:24,963 - INFO - 
第 41/150 轮训练
2025-07-08 10:03:59,975 - INFO - 训练损失: 0.5312, 训练准确率: 53.73%
2025-07-08 10:03:59,976 - INFO - 当前学习率: 0.000085
2025-07-08 10:03:59,976 - INFO - 
第 42/150 轮训练
2025-07-08 10:04:36,080 - INFO - 训练损失: 0.5705, 训练准确率: 57.43%
2025-07-08 10:04:36,080 - INFO - 当前学习率: 0.000082
2025-07-08 10:04:36,080 - INFO - 
第 43/150 轮训练
2025-07-08 10:05:11,118 - INFO - 训练损失: 0.5751, 训练准确率: 55.99%
2025-07-08 10:05:11,118 - INFO - 当前学习率: 0.000079
2025-07-08 10:05:11,118 - INFO - 
第 44/150 轮训练
2025-07-08 10:05:46,661 - INFO - 训练损失: 0.5545, 训练准确率: 56.75%
2025-07-08 10:05:46,661 - INFO - 当前学习率: 0.000076
2025-07-08 10:05:46,662 - INFO - 
第 45/150 轮训练
2025-07-08 10:06:23,071 - INFO - 训练损失: 0.5406, 训练准确率: 59.19%
2025-07-08 10:06:23,071 - INFO - 当前学习率: 0.000073
2025-07-08 10:06:23,071 - INFO - 
第 46/150 轮训练
2025-07-08 10:06:58,518 - INFO - 训练损失: 0.5492, 训练准确率: 55.31%
2025-07-08 10:06:58,518 - INFO - 当前学习率: 0.000069
2025-07-08 10:06:58,519 - INFO - 
第 47/150 轮训练
2025-07-08 10:07:34,221 - INFO - 训练损失: 0.5568, 训练准确率: 61.13%
2025-07-08 10:07:34,221 - INFO - 当前学习率: 0.000065
2025-07-08 10:07:34,221 - INFO - 
第 48/150 轮训练
2025-07-08 10:08:09,430 - INFO - 训练损失: 0.5239, 训练准确率: 56.78%
2025-07-08 10:08:09,431 - INFO - 当前学习率: 0.000062
2025-07-08 10:08:09,431 - INFO - 
第 49/150 轮训练
2025-07-08 10:08:45,718 - INFO - 训练损失: 0.5029, 训练准确率: 59.98%
2025-07-08 10:08:45,718 - INFO - 当前学习率: 0.000058
2025-07-08 10:08:45,719 - INFO - 
第 50/150 轮训练
2025-07-08 10:09:21,134 - INFO - 训练损失: 0.5314, 训练准确率: 58.48%
2025-07-08 10:09:21,134 - INFO - 当前学习率: 0.000054
2025-07-08 10:09:21,135 - INFO - 
第 51/150 轮训练
2025-07-08 10:09:57,072 - INFO - 训练损失: 0.5126, 训练准确率: 54.34%
2025-07-08 10:09:57,072 - INFO - 当前学习率: 0.000050
2025-07-08 10:09:57,072 - INFO - 
第 52/150 轮训练
2025-07-08 10:10:32,423 - INFO - 训练损失: 0.5693, 训练准确率: 57.01%
2025-07-08 10:10:32,423 - INFO - 当前学习率: 0.000046
2025-07-08 10:10:32,423 - INFO - 
第 53/150 轮训练
2025-07-08 10:11:08,030 - INFO - 训练损失: 0.5100, 训练准确率: 60.33%
2025-07-08 10:11:08,030 - INFO - 当前学习率: 0.000042
2025-07-08 10:11:08,030 - INFO - 
第 54/150 轮训练
2025-07-08 10:11:44,000 - INFO - 训练损失: 0.5090, 训练准确率: 58.80%
2025-07-08 10:11:44,000 - INFO - 当前学习率: 0.000038
2025-07-08 10:11:44,000 - INFO - 
第 55/150 轮训练
2025-07-08 10:12:19,040 - INFO - 训练损失: 0.5184, 训练准确率: 55.78%
2025-07-08 10:12:19,041 - INFO - 当前学习率: 0.000035
2025-07-08 10:12:19,041 - INFO - 
第 56/150 轮训练
2025-07-08 10:12:55,047 - INFO - 训练损失: 0.5297, 训练准确率: 56.17%
2025-07-08 10:12:55,048 - INFO - 当前学习率: 0.000031
2025-07-08 10:12:55,048 - INFO - 
第 57/150 轮训练
2025-07-08 10:13:30,120 - INFO - 训练损失: 0.5004, 训练准确率: 56.75%
2025-07-08 10:13:30,120 - INFO - 当前学习率: 0.000027
2025-07-08 10:13:30,120 - INFO - 
第 58/150 轮训练
2025-07-08 10:14:02,729 - INFO - 训练损失: 0.4687, 训练准确率: 58.17%
2025-07-08 10:14:02,730 - INFO - 当前学习率: 0.000024
2025-07-08 10:14:02,730 - INFO - 
第 59/150 轮训练
2025-07-08 10:14:35,389 - INFO - 训练损失: 0.4615, 训练准确率: 61.09%
2025-07-08 10:14:35,389 - INFO - 当前学习率: 0.000021
2025-07-08 10:14:35,389 - INFO - 
第 60/150 轮训练
2025-07-08 10:15:11,769 - INFO - 训练损失: 0.5295, 训练准确率: 58.61%
2025-07-08 10:15:11,769 - INFO - 当前学习率: 0.000018
2025-07-08 10:15:11,769 - INFO - 
第 61/150 轮训练
2025-07-08 10:15:46,867 - INFO - 训练损失: 0.4807, 训练准确率: 55.12%
2025-07-08 10:15:46,868 - INFO - 当前学习率: 0.000015
2025-07-08 10:15:46,868 - INFO - 
第 62/150 轮训练
2025-07-08 10:16:21,806 - INFO - 训练损失: 0.5234, 训练准确率: 57.63%
2025-07-08 10:16:21,806 - INFO - 当前学习率: 0.000012
2025-07-08 10:16:21,806 - INFO - 
第 63/150 轮训练
2025-07-08 10:16:52,781 - INFO - 训练损失: 0.4771, 训练准确率: 54.92%
2025-07-08 10:16:52,781 - INFO - 当前学习率: 0.000010
2025-07-08 10:16:52,781 - INFO - 
第 64/150 轮训练
2025-07-08 10:17:24,212 - INFO - 训练损失: 0.5011, 训练准确率: 57.93%
2025-07-08 10:17:24,212 - INFO - 当前学习率: 0.000007
2025-07-08 10:17:24,212 - INFO - 
第 65/150 轮训练
2025-07-08 10:18:00,066 - INFO - 训练损失: 0.4984, 训练准确率: 55.49%
2025-07-08 10:18:00,066 - INFO - 当前学习率: 0.000005
2025-07-08 10:18:00,067 - INFO - 
第 66/150 轮训练
2025-07-08 10:18:35,842 - INFO - 训练损失: 0.5131, 训练准确率: 55.73%
2025-07-08 10:18:35,843 - INFO - 当前学习率: 0.000004
2025-07-08 10:18:35,843 - INFO - 
第 67/150 轮训练
2025-07-08 10:19:12,193 - INFO - 训练损失: 0.5069, 训练准确率: 59.19%
2025-07-08 10:19:12,193 - INFO - 当前学习率: 0.000002
2025-07-08 10:19:12,193 - INFO - 
第 68/150 轮训练
2025-07-08 10:19:47,379 - INFO - 训练损失: 0.4884, 训练准确率: 54.79%
2025-07-08 10:19:47,379 - INFO - 当前学习率: 0.000001
2025-07-08 10:19:47,380 - INFO - 
第 69/150 轮训练
2025-07-08 10:20:23,294 - INFO - 训练损失: 0.4674, 训练准确率: 56.74%
2025-07-08 10:20:23,294 - INFO - 当前学习率: 0.000001
2025-07-08 10:20:23,294 - INFO - 
第 70/150 轮训练
2025-07-08 10:20:58,867 - INFO - 训练损失: 0.4769, 训练准确率: 59.92%
2025-07-08 10:20:58,867 - INFO - 当前学习率: 0.000000
2025-07-08 10:20:59,297 - INFO - 保存第 70 轮模型，训练准确率: 59.92%
2025-07-08 10:21:42,928 - INFO - 
第 71/150 轮训练
2025-07-08 10:22:19,171 - INFO - 训练损失: 0.5384, 训练准确率: 58.05%
2025-07-08 10:22:19,171 - INFO - 当前学习率: 0.000100
2025-07-08 10:22:19,171 - INFO - 
第 72/150 轮训练
2025-07-08 10:22:54,736 - INFO - 训练损失: 0.5450, 训练准确率: 56.24%
2025-07-08 10:22:54,737 - INFO - 当前学习率: 0.000100
2025-07-08 10:22:54,737 - INFO - 
第 73/150 轮训练
2025-07-08 10:23:30,192 - INFO - 训练损失: 0.5431, 训练准确率: 60.48%
2025-07-08 10:23:30,192 - INFO - 当前学习率: 0.000100
2025-07-08 10:23:30,192 - INFO - 
第 74/150 轮训练
2025-07-08 10:24:06,487 - INFO - 训练损失: 0.5852, 训练准确率: 55.22%
2025-07-08 10:24:06,488 - INFO - 当前学习率: 0.000100
2025-07-08 10:24:06,488 - INFO - 
第 75/150 轮训练
2025-07-08 10:24:41,958 - INFO - 训练损失: 0.5463, 训练准确率: 57.95%
2025-07-08 10:24:41,959 - INFO - 当前学习率: 0.000099
2025-07-08 10:24:41,959 - INFO - 
第 76/150 轮训练
2025-07-08 10:25:18,170 - INFO - 训练损失: 0.5378, 训练准确率: 57.92%
2025-07-08 10:25:18,171 - INFO - 当前学习率: 0.000099
2025-07-08 10:25:18,171 - INFO - 
第 77/150 轮训练
2025-07-08 10:25:53,319 - INFO - 训练损失: 0.5277, 训练准确率: 56.42%
2025-07-08 10:25:53,319 - INFO - 当前学习率: 0.000099
2025-07-08 10:25:53,320 - INFO - 
第 78/150 轮训练
2025-07-08 10:26:29,530 - INFO - 训练损失: 0.5378, 训练准确率: 59.02%
2025-07-08 10:26:29,531 - INFO - 当前学习率: 0.000098
2025-07-08 10:26:29,531 - INFO - 
第 79/150 轮训练
2025-07-08 10:27:05,158 - INFO - 训练损失: 0.5128, 训练准确率: 60.19%
2025-07-08 10:27:05,159 - INFO - 当前学习率: 0.000098
2025-07-08 10:27:05,159 - INFO - 
第 80/150 轮训练
2025-07-08 10:27:41,117 - INFO - 训练损失: 0.5435, 训练准确率: 58.84%
2025-07-08 10:27:41,117 - INFO - 当前学习率: 0.000097
2025-07-08 10:27:41,117 - INFO - 
第 81/150 轮训练
2025-07-08 10:28:16,511 - INFO - 训练损失: 0.5218, 训练准确率: 61.52%
2025-07-08 10:28:16,512 - INFO - 当前学习率: 0.000096
2025-07-08 10:28:16,512 - INFO - 
第 82/150 轮训练
2025-07-08 10:28:51,863 - INFO - 训练损失: 0.5520, 训练准确率: 57.16%
2025-07-08 10:28:51,863 - INFO - 当前学习率: 0.000095
2025-07-08 10:28:51,863 - INFO - 
第 83/150 轮训练
2025-07-08 10:29:27,853 - INFO - 训练损失: 0.5365, 训练准确率: 55.78%
2025-07-08 10:29:27,854 - INFO - 当前学习率: 0.000095
2025-07-08 10:29:27,854 - INFO - 
第 84/150 轮训练
2025-07-08 10:30:02,974 - INFO - 训练损失: 0.5204, 训练准确率: 59.12%
2025-07-08 10:30:02,975 - INFO - 当前学习率: 0.000094
2025-07-08 10:30:02,975 - INFO - 
第 85/150 轮训练
2025-07-08 10:30:39,169 - INFO - 训练损失: 0.5305, 训练准确率: 56.33%
2025-07-08 10:30:39,170 - INFO - 当前学习率: 0.000093
2025-07-08 10:30:39,170 - INFO - 
第 86/150 轮训练
2025-07-08 10:31:14,379 - INFO - 训练损失: 0.5508, 训练准确率: 55.39%
2025-07-08 10:31:14,379 - INFO - 当前学习率: 0.000092
2025-07-08 10:31:14,379 - INFO - 
第 87/150 轮训练
2025-07-08 10:31:50,669 - INFO - 训练损失: 0.5367, 训练准确率: 57.37%
2025-07-08 10:31:50,670 - INFO - 当前学习率: 0.000090
2025-07-08 10:31:50,670 - INFO - 
第 88/150 轮训练
2025-07-08 10:32:26,210 - INFO - 训练损失: 0.5820, 训练准确率: 56.86%
2025-07-08 10:32:26,210 - INFO - 当前学习率: 0.000089
2025-07-08 10:32:26,210 - INFO - 
第 89/150 轮训练
2025-07-08 10:33:02,455 - INFO - 训练损失: 0.5032, 训练准确率: 60.97%
2025-07-08 10:33:02,455 - INFO - 当前学习率: 0.000088
2025-07-08 10:33:02,455 - INFO - 
第 90/150 轮训练
2025-07-08 10:33:38,475 - INFO - 训练损失: 0.4994, 训练准确率: 56.59%
2025-07-08 10:33:38,475 - INFO - 当前学习率: 0.000087
2025-07-08 10:33:38,475 - INFO - 
第 91/150 轮训练
2025-07-08 10:34:13,391 - INFO - 训练损失: 0.5372, 训练准确率: 55.28%
2025-07-08 10:34:13,391 - INFO - 当前学习率: 0.000085
2025-07-08 10:34:13,391 - INFO - 
第 92/150 轮训练
2025-07-08 10:34:49,073 - INFO - 训练损失: 0.5069, 训练准确率: 55.66%
2025-07-08 10:34:49,073 - INFO - 当前学习率: 0.000084
2025-07-08 10:34:49,074 - INFO - 
第 93/150 轮训练
2025-07-08 10:35:24,422 - INFO - 训练损失: 0.5160, 训练准确率: 58.19%
2025-07-08 10:35:24,422 - INFO - 当前学习率: 0.000082
2025-07-08 10:35:24,422 - INFO - 
第 94/150 轮训练
2025-07-08 10:35:59,821 - INFO - 训练损失: 0.5430, 训练准确率: 56.37%
2025-07-08 10:35:59,822 - INFO - 当前学习率: 0.000081
2025-07-08 10:35:59,822 - INFO - 
第 95/150 轮训练
2025-07-08 10:36:35,057 - INFO - 训练损失: 0.5285, 训练准确率: 59.08%
2025-07-08 10:36:35,057 - INFO - 当前学习率: 0.000079
2025-07-08 10:36:35,057 - INFO - 
第 96/150 轮训练
2025-07-08 10:37:11,307 - INFO - 训练损失: 0.5371, 训练准确率: 61.13%
2025-07-08 10:37:11,307 - INFO - 当前学习率: 0.000078
2025-07-08 10:37:11,307 - INFO - 
第 97/150 轮训练
2025-07-08 10:37:46,581 - INFO - 训练损失: 0.5410, 训练准确率: 55.20%
2025-07-08 10:37:46,581 - INFO - 当前学习率: 0.000076
2025-07-08 10:37:46,581 - INFO - 
第 98/150 轮训练
2025-07-08 10:38:22,402 - INFO - 训练损失: 0.5272, 训练准确率: 58.81%
2025-07-08 10:38:22,402 - INFO - 当前学习率: 0.000074
2025-07-08 10:38:22,402 - INFO - 
第 99/150 轮训练
2025-07-08 10:38:58,561 - INFO - 训练损失: 0.5136, 训练准确率: 57.35%
2025-07-08 10:38:58,562 - INFO - 当前学习率: 0.000073
2025-07-08 10:38:58,563 - INFO - 
第 100/150 轮训练
2025-07-08 10:39:33,680 - INFO - 训练损失: 0.5033, 训练准确率: 59.61%
2025-07-08 10:39:33,680 - INFO - 当前学习率: 0.000071
2025-07-08 10:39:33,680 - INFO - 
第 101/150 轮训练
2025-07-08 10:40:09,585 - INFO - 训练损失: 0.4952, 训练准确率: 57.43%
2025-07-08 10:40:09,585 - INFO - 当前学习率: 0.000069
2025-07-08 10:40:09,586 - INFO - 
第 102/150 轮训练
2025-07-08 10:40:44,495 - INFO - 训练损失: 0.4788, 训练准确率: 58.69%
2025-07-08 10:40:44,495 - INFO - 当前学习率: 0.000067
2025-07-08 10:40:44,495 - INFO - 
第 103/150 轮训练
2025-07-08 10:41:20,355 - INFO - 训练损失: 0.4993, 训练准确率: 54.92%
2025-07-08 10:41:20,355 - INFO - 当前学习率: 0.000065
2025-07-08 10:41:20,355 - INFO - 
第 104/150 轮训练
2025-07-08 10:41:55,964 - INFO - 训练损失: 0.4624, 训练准确率: 55.09%
2025-07-08 10:41:55,964 - INFO - 当前学习率: 0.000064
2025-07-08 10:41:55,964 - INFO - 
第 105/150 轮训练
2025-07-08 10:42:31,791 - INFO - 训练损失: 0.5016, 训练准确率: 55.85%
2025-07-08 10:42:31,792 - INFO - 当前学习率: 0.000062
2025-07-08 10:42:31,792 - INFO - 
第 106/150 轮训练
2025-07-08 10:43:07,037 - INFO - 训练损失: 0.4903, 训练准确率: 56.86%
2025-07-08 10:43:07,037 - INFO - 当前学习率: 0.000060
2025-07-08 10:43:07,038 - INFO - 
第 107/150 轮训练
2025-07-08 10:43:43,149 - INFO - 训练损失: 0.4952, 训练准确率: 60.27%
2025-07-08 10:43:43,149 - INFO - 当前学习率: 0.000058
2025-07-08 10:43:43,149 - INFO - 
第 108/150 轮训练
2025-07-08 10:44:18,007 - INFO - 训练损失: 0.4730, 训练准确率: 57.57%
2025-07-08 10:44:18,007 - INFO - 当前学习率: 0.000056
2025-07-08 10:44:18,007 - INFO - 
第 109/150 轮训练
2025-07-08 10:44:53,331 - INFO - 训练损失: 0.4876, 训练准确率: 55.20%
2025-07-08 10:44:53,331 - INFO - 当前学习率: 0.000054
2025-07-08 10:44:53,331 - INFO - 
第 110/150 轮训练
2025-07-08 10:45:29,388 - INFO - 训练损失: 0.4895, 训练准确率: 56.87%
2025-07-08 10:45:29,389 - INFO - 当前学习率: 0.000052
2025-07-08 10:45:29,389 - INFO - 
第 111/150 轮训练
2025-07-08 10:46:04,847 - INFO - 训练损失: 0.4778, 训练准确率: 54.06%
2025-07-08 10:46:04,847 - INFO - 当前学习率: 0.000050
2025-07-08 10:46:04,847 - INFO - 
第 112/150 轮训练
2025-07-08 10:46:40,628 - INFO - 训练损失: 0.4670, 训练准确率: 55.49%
2025-07-08 10:46:40,628 - INFO - 当前学习率: 0.000048
2025-07-08 10:46:40,628 - INFO - 
第 113/150 轮训练
2025-07-08 10:47:15,931 - INFO - 训练损失: 0.5218, 训练准确率: 53.57%
2025-07-08 10:47:15,931 - INFO - 当前学习率: 0.000046
2025-07-08 10:47:15,931 - INFO - 
第 114/150 轮训练
2025-07-08 10:47:51,786 - INFO - 训练损失: 0.4853, 训练准确率: 56.95%
2025-07-08 10:47:51,786 - INFO - 当前学习率: 0.000044
2025-07-08 10:47:51,786 - INFO - 
第 115/150 轮训练
2025-07-08 10:48:26,875 - INFO - 训练损失: 0.4514, 训练准确率: 55.93%
2025-07-08 10:48:26,876 - INFO - 当前学习率: 0.000042
2025-07-08 10:48:26,876 - INFO - 
第 116/150 轮训练
2025-07-08 10:49:02,705 - INFO - 训练损失: 0.4530, 训练准确率: 58.44%
2025-07-08 10:49:02,705 - INFO - 当前学习率: 0.000040
2025-07-08 10:49:02,705 - INFO - 
第 117/150 轮训练
2025-07-08 10:49:37,853 - INFO - 训练损失: 0.4687, 训练准确率: 59.48%
2025-07-08 10:49:37,854 - INFO - 当前学习率: 0.000038
2025-07-08 10:49:37,854 - INFO - 
第 118/150 轮训练
2025-07-08 10:50:13,682 - INFO - 训练损失: 0.4792, 训练准确率: 58.35%
2025-07-08 10:50:13,682 - INFO - 当前学习率: 0.000036
2025-07-08 10:50:13,682 - INFO - 
第 119/150 轮训练
2025-07-08 10:50:49,739 - INFO - 训练损失: 0.4864, 训练准确率: 58.84%
2025-07-08 10:50:49,739 - INFO - 当前学习率: 0.000035
2025-07-08 10:50:49,739 - INFO - 
第 120/150 轮训练
2025-07-08 10:51:25,044 - INFO - 训练损失: 0.5014, 训练准确率: 57.29%
2025-07-08 10:51:25,044 - INFO - 当前学习率: 0.000033
2025-07-08 10:51:25,045 - INFO - 
第 121/150 轮训练
2025-07-08 10:52:01,155 - INFO - 训练损失: 0.4681, 训练准确率: 56.10%
2025-07-08 10:52:01,156 - INFO - 当前学习率: 0.000031
2025-07-08 10:52:01,156 - INFO - 
第 122/150 轮训练
2025-07-08 10:52:36,496 - INFO - 训练损失: 0.4799, 训练准确率: 59.41%
2025-07-08 10:52:36,497 - INFO - 当前学习率: 0.000029
2025-07-08 10:52:36,497 - INFO - 
第 123/150 轮训练
2025-07-08 10:53:07,865 - INFO - 训练损失: 0.4745, 训练准确率: 57.46%
2025-07-08 10:53:07,865 - INFO - 当前学习率: 0.000027
2025-07-08 10:53:07,865 - INFO - 
第 124/150 轮训练
2025-07-08 10:53:39,551 - INFO - 训练损失: 0.4751, 训练准确率: 57.20%
2025-07-08 10:53:39,551 - INFO - 当前学习率: 0.000026
2025-07-08 10:53:39,552 - INFO - 
第 125/150 轮训练
2025-07-08 10:54:15,359 - INFO - 训练损失: 0.4981, 训练准确率: 59.60%
2025-07-08 10:54:15,360 - INFO - 当前学习率: 0.000024
2025-07-08 10:54:15,360 - INFO - 
第 126/150 轮训练
2025-07-08 10:54:50,768 - INFO - 训练损失: 0.4692, 训练准确率: 57.51%
2025-07-08 10:54:50,768 - INFO - 当前学习率: 0.000022
2025-07-08 10:54:50,768 - INFO - 
第 127/150 轮训练
2025-07-08 10:55:25,980 - INFO - 训练损失: 0.4770, 训练准确率: 57.24%
2025-07-08 10:55:25,981 - INFO - 当前学习率: 0.000021
2025-07-08 10:55:25,981 - INFO - 
第 128/150 轮训练
2025-07-08 10:56:01,711 - INFO - 训练损失: 0.4488, 训练准确率: 58.02%
2025-07-08 10:56:01,711 - INFO - 当前学习率: 0.000019
2025-07-08 10:56:01,711 - INFO - 
第 129/150 轮训练
2025-07-08 10:56:37,187 - INFO - 训练损失: 0.5032, 训练准确率: 60.15%
2025-07-08 10:56:37,187 - INFO - 当前学习率: 0.000018
2025-07-08 10:56:37,187 - INFO - 
第 130/150 轮训练
2025-07-08 10:57:13,297 - INFO - 训练损失: 0.4727, 训练准确率: 53.06%
2025-07-08 10:57:13,297 - INFO - 当前学习率: 0.000016
2025-07-08 10:57:13,297 - INFO - 
第 131/150 轮训练
2025-07-08 10:57:47,878 - INFO - 训练损失: 0.4672, 训练准确率: 58.96%
2025-07-08 10:57:47,878 - INFO - 当前学习率: 0.000015
2025-07-08 10:57:47,878 - INFO - 
第 132/150 轮训练
2025-07-08 10:58:22,996 - INFO - 训练损失: 0.4568, 训练准确率: 58.39%
2025-07-08 10:58:22,996 - INFO - 当前学习率: 0.000013
2025-07-08 10:58:22,996 - INFO - 
第 133/150 轮训练
2025-07-08 10:58:54,161 - INFO - 训练损失: 0.4349, 训练准确率: 59.91%
2025-07-08 10:58:54,161 - INFO - 当前学习率: 0.000012
2025-07-08 10:58:54,162 - INFO - 
第 134/150 轮训练
2025-07-08 10:59:28,595 - INFO - 训练损失: 0.4776, 训练准确率: 58.11%
2025-07-08 10:59:28,595 - INFO - 当前学习率: 0.000011
2025-07-08 10:59:28,595 - INFO - 
第 135/150 轮训练
2025-07-08 10:59:59,878 - INFO - 训练损失: 0.4449, 训练准确率: 59.32%
2025-07-08 10:59:59,878 - INFO - 当前学习率: 0.000010
2025-07-08 10:59:59,878 - INFO - 
第 136/150 轮训练
2025-07-08 11:00:29,746 - INFO - 训练损失: 0.4404, 训练准确率: 55.26%
2025-07-08 11:00:29,747 - INFO - 当前学习率: 0.000008
2025-07-08 11:00:29,747 - INFO - 
第 137/150 轮训练
2025-07-08 11:01:05,307 - INFO - 训练损失: 0.4629, 训练准确率: 59.69%
2025-07-08 11:01:05,307 - INFO - 当前学习率: 0.000007
2025-07-08 11:01:05,307 - INFO - 
第 138/150 轮训练
2025-07-08 11:01:40,542 - INFO - 训练损失: 0.4424, 训练准确率: 57.71%
2025-07-08 11:01:40,543 - INFO - 当前学习率: 0.000006
2025-07-08 11:01:40,543 - INFO - 
第 139/150 轮训练
2025-07-08 11:02:16,439 - INFO - 训练损失: 0.4573, 训练准确率: 56.64%
2025-07-08 11:02:16,439 - INFO - 当前学习率: 0.000005
2025-07-08 11:02:16,439 - INFO - 
第 140/150 轮训练
2025-07-08 11:02:51,591 - INFO - 训练损失: 0.4492, 训练准确率: 59.48%
2025-07-08 11:02:51,591 - INFO - 当前学习率: 0.000005
2025-07-08 11:02:51,592 - INFO - 
第 141/150 轮训练
2025-07-08 11:03:27,063 - INFO - 训练损失: 0.4496, 训练准确率: 58.79%
2025-07-08 11:03:27,063 - INFO - 当前学习率: 0.000004
2025-07-08 11:03:27,063 - INFO - 
第 142/150 轮训练
2025-07-08 11:04:02,076 - INFO - 训练损失: 0.4373, 训练准确率: 58.11%
2025-07-08 11:04:02,076 - INFO - 当前学习率: 0.000003
2025-07-08 11:04:02,076 - INFO - 
第 143/150 轮训练
2025-07-08 11:04:37,825 - INFO - 训练损失: 0.4485, 训练准确率: 58.43%
2025-07-08 11:04:37,825 - INFO - 当前学习率: 0.000002
2025-07-08 11:04:37,825 - INFO - 
第 144/150 轮训练
2025-07-08 11:05:12,659 - INFO - 训练损失: 0.4731, 训练准确率: 60.33%
2025-07-08 11:05:12,659 - INFO - 当前学习率: 0.000002
2025-07-08 11:05:12,660 - INFO - 
第 145/150 轮训练
2025-07-08 11:05:48,541 - INFO - 训练损失: 0.4686, 训练准确率: 59.71%
2025-07-08 11:05:48,542 - INFO - 当前学习率: 0.000001
2025-07-08 11:05:48,542 - INFO - 
第 146/150 轮训练
2025-07-08 11:06:24,003 - INFO - 训练损失: 0.4498, 训练准确率: 58.34%
2025-07-08 11:06:24,003 - INFO - 当前学习率: 0.000001
2025-07-08 11:06:24,003 - INFO - 
第 147/150 轮训练
2025-07-08 11:06:59,062 - INFO - 训练损失: 0.4870, 训练准确率: 58.93%
2025-07-08 11:06:59,063 - INFO - 当前学习率: 0.000001
2025-07-08 11:06:59,063 - INFO - 
第 148/150 轮训练
2025-07-08 11:07:34,589 - INFO - 训练损失: 0.4506, 训练准确率: 55.72%
2025-07-08 11:07:34,590 - INFO - 当前学习率: 0.000000
2025-07-08 11:07:34,590 - INFO - 
第 149/150 轮训练
2025-07-08 11:08:09,710 - INFO - 训练损失: 0.4401, 训练准确率: 58.14%
2025-07-08 11:08:09,710 - INFO - 当前学习率: 0.000000
2025-07-08 11:08:09,710 - INFO - 
第 150/150 轮训练
2025-07-08 11:08:45,673 - INFO - 训练损失: 0.4684, 训练准确率: 56.23%
2025-07-08 11:08:45,674 - INFO - 当前学习率: 0.000000
2025-07-08 11:08:46,018 - INFO - 保存第 150 轮模型，训练准确率: 56.23%
2025-07-08 11:09:31,865 - INFO - 训练完成!
